生成启动时间为 2018/1/20 10:15:32。
     1>项目“F:\wanglingzhi\projectWlz\projectWlz\projectWlz\projectWlz.vcxproj”在节点 2 上(Build 个目标)。
     1>ClCompile:
         D:\VS2013\VC\bin\CL.exe /c /ZI /nologo /W3 /WX- /sdl /Od /Oy- /D WIN32 /D _DEBUG /D _CONSOLE /D _LIB /D _UNICODE /D UNICODE /Gm /EHsc /RTC1 /MDd /GS /fp:precise /Zc:wchar_t /Zc:forScope /Yc"stdafx.h" /Fp"Debug\projectWlz.pch" /Fo"Debug\\" /Fd"Debug\vc120.pdb" /Gd /TP /analyze- /errorReport:prompt stdafx.cpp
         stdafx.cpp
         D:\VS2013\VC\bin\CL.exe /c /ZI /nologo /W3 /WX- /sdl /Od /Oy- /D WIN32 /D _DEBUG /D _CONSOLE /D _LIB /D _UNICODE /D UNICODE /Gm /EHsc /RTC1 /MDd /GS /fp:precise /Zc:wchar_t /Zc:forScope /Yu"stdafx.h" /Fp"Debug\projectWlz.pch" /Fo"Debug\\" /Fd"Debug\vc120.pdb" /Gd /TP /analyze- /errorReport:prompt AllMaterial.cpp AllMonster.cpp AllNpc.cpp Gain.cpp GameExplain.cpp GameFight.cpp GameItem.cpp GameManager.cpp GameMap.cpp GameMenu.cpp GameObject.cpp GameTalk.cpp GameTask.cpp Material.cpp Monster.cpp Npc.cpp Player.cpp Player_Bag.cpp Player_Info.cpp Player_Operate.cpp Player_Task.cpp Player_TaskDoing.cpp projectWlz.cpp Shop.cpp Task.cpp
         Task.cpp
     1>f:\wanglingzhi\projectwlz\projectwlz\projectwlz\task.cpp(63): warning C4018: “>”: 有符号/无符号不匹配
         Shop.cpp
     1>f:\wanglingzhi\projectwlz\projectwlz\projectwlz\shop.cpp(60): warning C4018: “>”: 有符号/无符号不匹配
         projectWlz.cpp
         Player_TaskDoing.cpp
         Player_Task.cpp
         Player_Operate.cpp
         Player_Info.cpp
         Player_Bag.cpp
     1>f:\wanglingzhi\projectwlz\projectwlz\projectwlz\player_bag.cpp(133): warning C4244: “=”: 从“double”转换到“int”，可能丢失数据
         Player.cpp
         Npc.cpp
         Monster.cpp
         Material.cpp
         GameTask.cpp
         GameTalk.cpp
         GameObject.cpp
         GameMenu.cpp
         GameMap.cpp
         GameManager.cpp
         GameItem.cpp
         GameFight.cpp
         正在生成代码...
         正在编译...
         GameExplain.cpp
         Gain.cpp
         AllNpc.cpp
         AllMonster.cpp
         AllMaterial.cpp
         正在生成代码...
       Link:
         D:\VS2013\VC\bin\link.exe /ERRORREPORT:PROMPT /OUT:"F:\wanglingzhi\projectWlz\projectWlz\Debug\projectWlz.exe" /INCREMENTAL /NOLOGO kernel32.lib user32.lib gdi32.lib winspool.lib comdlg32.lib advapi32.lib shell32.lib ole32.lib oleaut32.lib uuid.lib odbc32.lib odbccp32.lib /MANIFEST /MANIFESTUAC:"level='asInvoker' uiAccess='false'" /manifest:embed /DEBUG /PDB:"F:\wanglingzhi\projectWlz\projectWlz\Debug\projectWlz.pdb" /SUBSYSTEM:CONSOLE /TLBID:1 /DYNAMICBASE /NXCOMPAT /IMPLIB:"F:\wanglingzhi\projectWlz\projectWlz\Debug\projectWlz.lib" /MACHINE:X86 Debug\AllMaterial.obj
         Debug\AllMonster.obj
         Debug\AllNpc.obj
         Debug\Gain.obj
         Debug\GameExplain.obj
         Debug\GameFight.obj
         Debug\GameItem.obj
         Debug\GameManager.obj
         Debug\GameMap.obj
         Debug\GameMenu.obj
         Debug\GameObject.obj
         Debug\GameTalk.obj
         Debug\GameTask.obj
         Debug\Material.obj
         Debug\Monster.obj
         Debug\Npc.obj
         Debug\Player.obj
         Debug\Player_Bag.obj
         Debug\Player_Info.obj
         Debug\Player_Operate.obj
         Debug\Player_Task.obj
         Debug\Player_TaskDoing.obj
         Debug\projectWlz.obj
         Debug\Shop.obj
         Debug\stdafx.obj
         Debug\Task.obj
         projectWlz.vcxproj -> F:\wanglingzhi\projectWlz\projectWlz\Debug\projectWlz.exe
     1>已完成生成项目“F:\wanglingzhi\projectWlz\projectWlz\projectWlz\projectWlz.vcxproj”(Build 个目标)的操作。

生成成功。

已用时间 00:00:05.39
